[15:41:42.423][info] [#0:/home/theoroom/.config/nvim/nvim-data/nvim/mason/packages/lua-language-server/libexec/main.lua:68]: Lua Lsp startup, root: 	/home/theoroom/.config/nvim/nvim-data/nvim/mason/packages/lua-language-server/libexec
[15:41:42.423][info] [#0:/home/theoroom/.config/nvim/nvim-data/nvim/mason/packages/lua-language-server/libexec/main.lua:69]: ROOT:	/home/theoroom/.config/nvim/nvim-data/nvim/mason/packages/lua-language-server/libexec
[15:41:42.423][info] [#0:/home/theoroom/.config/nvim/nvim-data/nvim/mason/packages/lua-language-server/libexec/main.lua:70]: LOGPATH:	/home/theoroom/.config/nvim/nvim-data/nvim/mason/packages/lua-language-server/libexec/log
[15:41:42.423][info] [#0:/home/theoroom/.config/nvim/nvim-data/nvim/mason/packages/lua-language-server/libexec/main.lua:71]: METAPATH:	/home/theoroom/.config/nvim/nvim-data/nvim/mason/packages/lua-language-server/libexec/meta
[15:41:42.423][info] [#0:/home/theoroom/.config/nvim/nvim-data/nvim/mason/packages/lua-language-server/libexec/main.lua:72]: VERSION:	3.10.5
[15:41:42.439][info] [#0:script/proto/proto.lua:260]: Listen Mode: stdio
[15:41:42.439][info] [#0:script/service/service.lua:146]: 
========= Medical Examination Report =========
    --------------- Memory ---------------
        Total: 2.227 MB
        # 00 : 2.227 MB
        # 01 : 0.000 MB
        # 02 : 0.000 MB
        # 03 : 0.000 MB
        # 04 : 0.000 MB
    --------------- Coroutine ---------------
        Total:     0
        Running:   0
        Suspended: 0
        Normal:    0
        Dead:      0
    --------------- Cache ---------------
        Total: 1
        Dead:  0
    ---------------  RPC  ---------------
        Holdon:   0
        Waiting:  0
==============================================
[15:41:42.542][info] [#0:script/client.lua:657]: Client init	{
  capabilities = {
    textDocument = {
      callHierarchy = {
        dynamicRegistration = false
      },
      codeAction = {
        codeActionLiteralSupport = {
          codeActionKind = {
            valueSet = { "", "quickfix", "refactor", "refactor.extract", "refactor.inline", "refactor.rewrite", "source", "source.organizeImports" }
          }
        },
        dataSupport = true,
        dynamicRegistration = false,
        isPreferredSupport = true,
        resolveSupport = {
          properties = { "edit" }
        }
      },
      completion = {
        completionItem = {
          commitCharactersSupport = true,
          deprecatedSupport = true,
          documentationFormat = { "markdown", "plaintext" },
          insertReplaceSupport = true,
          insertTextModeSupport = {
            valueSet = { 1, 2 }
          },
          labelDetailsSupport = true,
          preselectSupport = true,
          resolveSupport = {
            properties = { "documentation", "detail", "additionalTextEdits", "sortText", "filterText", "insertText", "textEdit", "insertTextFormat", "insertTextMode" }
          },
          snippetSupport = true,
          tagSupport = {
            valueSet = { 1 }
          }
        },
        completionItemKind = {
          valueSet = { 1, 2, 3, 4, 5, 6, 7, 8, 9, 10, 11, 12, 13, 14, 15, 16, 17, 18, 19, 20, 21, 22, 23, 24, 25 }
        },
        completionList = {
          itemDefaults = { "commitCharacters", "editRange", "insertTextFormat", "insertTextMode", "data" }
        },
        contextSupport = true,
        dynamicRegistration = false,
        insertTextMode = 1
      },
      declaration = {
        linkSupport = true
      },
      definition = {
        linkSupport = true
      },
      documentHighlight = {
        dynamicRegistration = false
      },
      documentSymbol = {
        dynamicRegistration = false,
        hierarchicalDocumentSymbolSupport = true,
        symbolKind = {
          valueSet = { 1, 2, 3, 4, 5, 6, 7, 8, 9, 10, 11, 12, 13, 14, 15, 16, 17, 18, 19, 20, 21, 22, 23, 24, 25, 26 }
        }
      },
      hover = {
        contentFormat = { "markdown", "plaintext" },
        dynamicRegistration = false
      },
      implementation = {
        linkSupport = true
      },
      publishDiagnostics = {
        relatedInformation = true,
        tagSupport = {
          valueSet = { 1, 2 }
        }
      },
      references = {
        dynamicRegistration = false
      },
      rename = {
        dynamicRegistration = false,
        prepareSupport = true
      },
      semanticTokens = {
        augmentsSyntaxTokens = true,
        dynamicRegistration = false,
        formats = { "relative" },
        multilineTokenSupport = false,
        overlappingTokenSupport = true,
        requests = {
          full = {
            delta = true
          },
          range = false
        },
        serverCancelSupport = false,
        tokenModifiers = { "declaration", "definition", "readonly", "static", "deprecated", "abstract", "async", "modification", "documentation", "defaultLibrary" },
        tokenTypes = { "namespace", "type", "class", "enum", "interface", "struct", "typeParameter", "parameter", "variable", "property", "enumMember", "event", "function", "method", "macro", "keyword", "modifier", "comment", "string", "number", "regexp", "operator", "decorator" }
      },
      signatureHelp = {
        dynamicRegistration = false,
        signatureInformation = {
          activeParameterSupport = true,
          documentationFormat = { "markdown", "plaintext" },
          parameterInformation = {
            labelOffsetSupport = true
          }
        }
      },
      synchronization = {
        didSave = true,
        dynamicRegistration = false,
        willSave = true,
        willSaveWaitUntil = true
      },
      typeDefinition = {
        linkSupport = true
      }
    },
    window = {
      showDocument = {
        support = true
      },
      showMessage = {
        messageActionItem = {
          additionalPropertiesSupport = false
        }
      },
      workDoneProgress = true
    },
    workspace = {
      applyEdit = true,
      configuration = true,
      didChangeWatchedFiles = {
        dynamicRegistration = false,
        relativePatternSupport = true
      },
      semanticTokens = {
        refreshSupport = true
      },
      symbol = {
        dynamicRegistration = false,
        hierarchicalWorkspaceSymbolSupport = true,
        symbolKind = {
          valueSet = { 1, 2, 3, 4, 5, 6, 7, 8, 9, 10, 11, 12, 13, 14, 15, 16, 17, 18, 19, 20, 21, 22, 23, 24, 25, 26 }
        }
      },
      workspaceEdit = {
        resourceOperations = { "rename", "create", "delete" }
      },
      workspaceFolders = true
    }
  },
  clientInfo = {
    name = "Neovim",
    version = "0.9.5"
  },
  initializationOptions = {},
  processId = 224064,
  rootPath = "/home/theoroom/.config/nvim",
  rootUri = "file:///home/theoroom/.config/nvim",
  trace = "off",
  workspaceFolders = { {
      name = "/home/theoroom/.config/nvim",
      uri = "file:///home/theoroom/.config/nvim"
    } }
}
[15:41:42.542][info] [#0:script/language.lua:137]: VSC language: nil
[15:41:42.542][info] [#0:script/language.lua:138]: LS  language: en-us
[15:41:42.542][info] [#0:script/workspace/workspace.lua:38]: Workspace init root: 	file:///home/theoroom/.config/nvim
[15:41:42.542][info] [#0:script/workspace/workspace.lua:42]: Log path: 	/home/theoroom/.config/nvim/nvim-data/nvim/mason/packages/lua-language-server/libexec/log/file_home_theoroom_.config_nvim.log
[15:41:42.543][info] [#0:script/workspace/workspace.lua:48]: Workspace create: 	file:///home/theoroom/.config/nvim
[15:41:42.844][info] [#0:script/provider/provider.lua:46]: Load config from client	file:///home/theoroom/.config/nvim
[15:41:42.845][info] [#0:script/provider/provider.lua:47]: {
  Lua = {
    completion = {
      callSnippet = "Replace"
    },
    diagnostics = {
      globals = { "vim" }
    },
    runtime = {
      path = { "?.lua", "?/init.lua" },
      pathStrict = true,
      version = "LuaJIT"
    },
    workspace = {
      ignoreDir = { "types/nightly", "lua" },
      library = { "/home/theoroom/.config/nvim/nvim-data/nvim/lazy/neodev.nvim/types/stable", "/usr/share/nvim/runtime/lua", "/home/theoroom/.config/nvim/nvim-data/nvim/lazy/tokyonight.nvim/lua", "/home/theoroom/.config/nvim/nvim-data/nvim/lazy/mini.icons/lua", "/home/theoroom/.config/nvim/nvim-data/nvim/lazy/nvim-treesitter/lua", "/home/theoroom/.config/nvim/nvim-data/nvim/lazy/nvim-ts-autotag/lua", "/home/theoroom/.config/nvim/nvim-data/nvim/lazy/cmp-buffer/lua", "/home/theoroom/.config/nvim/nvim-data/nvim/lazy/telescope-fzf-native.nvim/lua", "/home/theoroom/.config/nvim/nvim-data/nvim/lazy/cmp-path/lua", "/home/theoroom/.config/nvim/nvim-data/nvim/lazy/todo-comments.nvim/lua", "/home/theoroom/.config/nvim/nvim-data/nvim/lazy/LuaSnip/lua", "/home/theoroom/.config/nvim/nvim-data/nvim/lazy/persistence.nvim/lua", "/home/theoroom/.config/nvim/nvim-data/nvim/lazy/cmp_luasnip/lua", "/home/theoroom/.config/nvim/nvim-data/nvim/lazy/mason.nvim/lua", "/home/theoroom/.config/nvim/nvim-data/nvim/lazy/mason-lspconfig.nvim/lua", "/home/theoroom/.config/nvim/nvim-data/nvim/lazy/lualine.nvim/lua", "/home/theoroom/.config/nvim/nvim-data/nvim/lazy/lspkind.nvim/lua", "/home/theoroom/.config/nvim/nvim-data/nvim/lazy/mason-tool-installer.nvim/lua", "/home/theoroom/.config/nvim/nvim-data/nvim/lazy/nvim-cmp/lua", "/home/theoroom/.config/nvim/nvim-data/nvim/lazy/nvim-spectre/lua", "/home/theoroom/.config/nvim/nvim-data/nvim/lazy/nvim-surround/lua", "/home/theoroom/.config/nvim/nvim-data/nvim/lazy/nvim-tree.lua/lua", "/home/theoroom/.config/nvim/nvim-data/nvim/lazy/telescope.nvim/lua", "/home/theoroom/.config/nvim/nvim-data/nvim/lazy/bufferline.nvim/lua", "/home/theoroom/.config/nvim/nvim-data/nvim/lazy/nvim-web-devicons/lua", "/home/theoroom/.config/nvim/nvim-data/nvim/lazy/plenary.nvim/lua", "/home/theoroom/.config/nvim/nvim-data/nvim/lazy/nvim-lspconfig/lua", "/home/theoroom/.config/nvim/nvim-data/nvim/lazy/cmp-nvim-lsp/lua", "/home/theoroom/.config/nvim/nvim-data/nvim/lazy/oil.nvim/lua", "/home/theoroom/.config/nvim/nvim-data/nvim/lazy/nvim-lsp-file-operations/lua", "/home/theoroom/.config/nvim/lazy/lazy.nvim/lua", "/home/theoroom/.config/nvim/nvim-data/nvim/lazy/neodev.nvim/lua", "/home/theoroom/.config/nvim/nvim-data/nvim/lazy/nvim-autopairs/lua", "/home/theoroom/.config/nvim/nvim-data/nvim/lazy/nvim-treesitter-textobjects/lua", "/home/theoroom/.config/nvim/lua" }
    }
  }
}
[15:41:42.845][info] [#0:script/provider/provider.lua:46]: Load config from client	file:///home/theoroom/.config/nvim
[15:41:42.845][info] [#0:script/provider/provider.lua:47]: {
  Lua = {
    completion = {
      callSnippet = "Replace"
    },
    diagnostics = {
      globals = { "vim" }
    },
    runtime = {
      path = { "?.lua", "?/init.lua" },
      pathStrict = true,
      version = "LuaJIT"
    },
    workspace = {
      ignoreDir = { "types/nightly", "lua" },
      library = { "/home/theoroom/.config/nvim/nvim-data/nvim/lazy/neodev.nvim/types/stable", "/usr/share/nvim/runtime/lua", "/home/theoroom/.config/nvim/nvim-data/nvim/lazy/tokyonight.nvim/lua", "/home/theoroom/.config/nvim/nvim-data/nvim/lazy/mini.icons/lua", "/home/theoroom/.config/nvim/nvim-data/nvim/lazy/nvim-treesitter/lua", "/home/theoroom/.config/nvim/nvim-data/nvim/lazy/nvim-ts-autotag/lua", "/home/theoroom/.config/nvim/nvim-data/nvim/lazy/cmp-buffer/lua", "/home/theoroom/.config/nvim/nvim-data/nvim/lazy/telescope-fzf-native.nvim/lua", "/home/theoroom/.config/nvim/nvim-data/nvim/lazy/cmp-path/lua", "/home/theoroom/.config/nvim/nvim-data/nvim/lazy/todo-comments.nvim/lua", "/home/theoroom/.config/nvim/nvim-data/nvim/lazy/LuaSnip/lua", "/home/theoroom/.config/nvim/nvim-data/nvim/lazy/persistence.nvim/lua", "/home/theoroom/.config/nvim/nvim-data/nvim/lazy/cmp_luasnip/lua", "/home/theoroom/.config/nvim/nvim-data/nvim/lazy/mason.nvim/lua", "/home/theoroom/.config/nvim/nvim-data/nvim/lazy/mason-lspconfig.nvim/lua", "/home/theoroom/.config/nvim/nvim-data/nvim/lazy/lualine.nvim/lua", "/home/theoroom/.config/nvim/nvim-data/nvim/lazy/lspkind.nvim/lua", "/home/theoroom/.config/nvim/nvim-data/nvim/lazy/mason-tool-installer.nvim/lua", "/home/theoroom/.config/nvim/nvim-data/nvim/lazy/nvim-cmp/lua", "/home/theoroom/.config/nvim/nvim-data/nvim/lazy/nvim-spectre/lua", "/home/theoroom/.config/nvim/nvim-data/nvim/lazy/nvim-surround/lua", "/home/theoroom/.config/nvim/nvim-data/nvim/lazy/nvim-tree.lua/lua", "/home/theoroom/.config/nvim/nvim-data/nvim/lazy/telescope.nvim/lua", "/home/theoroom/.config/nvim/nvim-data/nvim/lazy/bufferline.nvim/lua", "/home/theoroom/.config/nvim/nvim-data/nvim/lazy/nvim-web-devicons/lua", "/home/theoroom/.config/nvim/nvim-data/nvim/lazy/plenary.nvim/lua", "/home/theoroom/.config/nvim/nvim-data/nvim/lazy/nvim-lspconfig/lua", "/home/theoroom/.config/nvim/nvim-data/nvim/lazy/cmp-nvim-lsp/lua", "/home/theoroom/.config/nvim/nvim-data/nvim/lazy/oil.nvim/lua", "/home/theoroom/.config/nvim/nvim-data/nvim/lazy/nvim-lsp-file-operations/lua", "/home/theoroom/.config/nvim/lazy/lazy.nvim/lua", "/home/theoroom/.config/nvim/nvim-data/nvim/lazy/neodev.nvim/lua", "/home/theoroom/.config/nvim/nvim-data/nvim/lazy/nvim-autopairs/lua", "/home/theoroom/.config/nvim/nvim-data/nvim/lazy/nvim-treesitter-textobjects/lua", "/home/theoroom/.config/nvim/lua" }
    }
  }
}
[15:41:42.945][info] [#0:script/provider/provider.lua:61]: Load config from client	fallback
[15:41:42.945][info] [#0:script/provider/provider.lua:62]: {
  Lua = {
    completion = {
      callSnippet = "Replace"
    },
    diagnostics = {
      globals = { "vim" }
    },
    runtime = {
      path = { "?.lua", "?/init.lua" },
      pathStrict = true,
      version = "LuaJIT"
    },
    workspace = {
      ignoreDir = { "types/nightly", "lua" }
    }
  }
}
[15:41:42.945][info] [#0:script/provider/provider.lua:61]: Load config from client	fallback
[15:41:42.945][info] [#0:script/provider/provider.lua:62]: {
  Lua = {
    completion = {
      callSnippet = "Replace"
    },
    diagnostics = {
      globals = { "vim" }
    },
    runtime = {
      path = { "?.lua", "?/init.lua" },
      pathStrict = true,
      version = "LuaJIT"
    },
    workspace = {
      ignoreDir = { "types/nightly", "lua" }
    }
  }
}
[15:41:43.053][info] [#0:script/library.lua:212]: Init builtin library at:	file:///home/theoroom/.config/nvim
[15:41:43.066][info] [#0:script/library.lua:212]: Init builtin library at:	nil
[15:41:43.176][info] [#0:script/workspace/workspace.lua:324]: Preload start:	file:///home/theoroom/.config/nvim
[15:41:43.183][info] [#0:script/workspace/workspace.lua:330]: Scan files at:	file:///home/theoroom/.config/nvim
[15:41:43.655][info] [#0:script/workspace/workspace.lua:324]: Preload start:	<fallback>
[15:41:43.658][info] [#0:script/workspace/workspace.lua:353]: Scan library at:	file:///home/theoroom/.config/nvim/nvim-data/nvim/mason/packages/lua-language-server/libexec/meta/LuaJIT%20en-us%20utf8/table.lua
[15:41:43.659][info] [#0:script/workspace/workspace.lua:353]: Scan library at:	file:///home/theoroom/.config/nvim/nvim-data/nvim/mason/packages/lua-language-server/libexec/meta/LuaJIT%20en-us%20utf8/table/new.lua
[15:41:43.659][info] [#0:script/workspace/workspace.lua:353]: Scan library at:	file:///home/theoroom/.config/nvim/nvim-data/nvim/mason/packages/lua-language-server/libexec/meta/LuaJIT%20en-us%20utf8/builtin.lua
[15:41:43.659][info] [#0:script/workspace/workspace.lua:353]: Scan library at:	file:///home/theoroom/.config/nvim/nvim-data/nvim/mason/packages/lua-language-server/libexec/meta/LuaJIT%20en-us%20utf8/io.lua
[15:41:43.660][info] [#0:script/workspace/workspace.lua:353]: Scan library at:	file:///home/theoroom/.config/nvim/nvim-data/nvim/mason/packages/lua-language-server/libexec/meta/LuaJIT%20en-us%20utf8/package.lua
[15:41:43.660][info] [#0:script/workspace/workspace.lua:353]: Scan library at:	file:///home/theoroom/.config/nvim/nvim-data/nvim/mason/packages/lua-language-server/libexec/meta/LuaJIT%20en-us%20utf8/coroutine.lua
[15:41:43.660][info] [#0:script/workspace/workspace.lua:353]: Scan library at:	file:///home/theoroom/.config/nvim/nvim-data/nvim/mason/packages/lua-language-server/libexec/meta/LuaJIT%20en-us%20utf8/string/buffer.lua
[15:41:43.660][info] [#0:script/workspace/workspace.lua:353]: Scan library at:	file:///home/theoroom/.config/nvim/nvim-data/nvim/mason/packages/lua-language-server/libexec/meta/LuaJIT%20en-us%20utf8/ffi.lua
[15:41:43.661][info] [#0:script/workspace/workspace.lua:353]: Scan library at:	file:///home/theoroom/.config/nvim/nvim-data/nvim/mason/packages/lua-language-server/libexec/meta/LuaJIT%20en-us%20utf8/os.lua
[15:41:43.661][info] [#0:script/workspace/workspace.lua:353]: Scan library at:	file:///home/theoroom/.config/nvim/nvim-data/nvim/mason/packages/lua-language-server/libexec/meta/LuaJIT%20en-us%20utf8/jit/profile.lua
[15:41:43.661][info] [#0:script/workspace/workspace.lua:353]: Scan library at:	file:///home/theoroom/.config/nvim/nvim-data/nvim/mason/packages/lua-language-server/libexec/meta/LuaJIT%20en-us%20utf8/basic.lua
[15:41:43.662][info] [#0:script/workspace/workspace.lua:353]: Scan library at:	file:///home/theoroom/.config/nvim/nvim-data/nvim/mason/packages/lua-language-server/libexec/meta/LuaJIT%20en-us%20utf8/math.lua
[15:41:43.662][info] [#0:script/workspace/workspace.lua:353]: Scan library at:	file:///home/theoroom/.config/nvim/nvim-data/nvim/mason/packages/lua-language-server/libexec/meta/LuaJIT%20en-us%20utf8/bit.lua
[15:41:43.662][info] [#0:script/workspace/workspace.lua:353]: Scan library at:	file:///home/theoroom/.config/nvim/nvim-data/nvim/mason/packages/lua-language-server/libexec/meta/LuaJIT%20en-us%20utf8/debug.lua
[15:41:43.662][info] [#0:script/workspace/workspace.lua:353]: Scan library at:	file:///home/theoroom/.config/nvim/nvim-data/nvim/mason/packages/lua-language-server/libexec/meta/LuaJIT%20en-us%20utf8/jit.lua
[15:41:43.662][info] [#0:script/workspace/workspace.lua:353]: Scan library at:	file:///home/theoroom/.config/nvim/nvim-data/nvim/mason/packages/lua-language-server/libexec/meta/LuaJIT%20en-us%20utf8/table/clear.lua
[15:41:43.663][info] [#0:script/workspace/workspace.lua:353]: Scan library at:	file:///home/theoroom/.config/nvim/nvim-data/nvim/mason/packages/lua-language-server/libexec/meta/LuaJIT%20en-us%20utf8/string.lua
[15:41:43.663][info] [#0:script/workspace/workspace.lua:353]: Scan library at:	file:///home/theoroom/.config/nvim/nvim-data/nvim/mason/packages/lua-language-server/libexec/meta/LuaJIT%20en-us%20utf8/jit/util.lua
[15:41:43.763][info] [#0:script/workspace/workspace.lua:379]: Found 18 files at:	<fallback>
[15:41:43.763][info] [#0:script/workspace/loading.lua:161]: Load files from disk:	<fallback>
[15:41:43.764][info] [#0:script/workspace/loading.lua:101]: Preload file at: file:///home/theoroom/.config/nvim/nvim-data/nvim/mason/packages/lua-language-server/libexec/meta/LuaJIT%20en-us%20utf8/jit/util.lua , size = 1.984 KB
[15:41:43.765][info] [#0:script/workspace/loading.lua:113]: ++++As library of:	file:///home/theoroom/.config/nvim/nvim-data/nvim/mason/packages/lua-language-server/libexec/meta/LuaJIT%20en-us%20utf8/jit/util.lua
[15:41:43.765][info] [#0:script/workspace/loading.lua:101]: Preload file at: file:///home/theoroom/.config/nvim/nvim-data/nvim/mason/packages/lua-language-server/libexec/meta/LuaJIT%20en-us%20utf8/table/clear.lua , size = 0.797 KB
[15:41:43.766][info] [#0:script/workspace/loading.lua:113]: ++++As library of:	file:///home/theoroom/.config/nvim/nvim-data/nvim/mason/packages/lua-language-server/libexec/meta/LuaJIT%20en-us%20utf8/table/clear.lua
[15:41:43.766][info] [#0:script/workspace/loading.lua:101]: Preload file at: file:///home/theoroom/.config/nvim/nvim-data/nvim/mason/packages/lua-language-server/libexec/meta/LuaJIT%20en-us%20utf8/string.lua , size = 6.310 KB
[15:41:43.768][info] [#0:script/workspace/loading.lua:113]: ++++As library of:	file:///home/theoroom/.config/nvim/nvim-data/nvim/mason/packages/lua-language-server/libexec/meta/LuaJIT%20en-us%20utf8/string.lua
[15:41:43.770][info] [#0:script/workspace/loading.lua:101]: Preload file at: file:///home/theoroom/.config/nvim/nvim-data/nvim/mason/packages/lua-language-server/libexec/meta/LuaJIT%20en-us%20utf8/jit.lua , size = 0.884 KB
[15:41:43.770][info] [#0:script/workspace/loading.lua:113]: ++++As library of:	file:///home/theoroom/.config/nvim/nvim-data/nvim/mason/packages/lua-language-server/libexec/meta/LuaJIT%20en-us%20utf8/jit.lua
[15:41:43.770][info] [#0:script/workspace/loading.lua:101]: Preload file at: file:///home/theoroom/.config/nvim/nvim-data/nvim/mason/packages/lua-language-server/libexec/meta/LuaJIT%20en-us%20utf8/debug.lua , size = 7.310 KB
[15:41:43.773][info] [#0:script/workspace/loading.lua:113]: ++++As library of:	file:///home/theoroom/.config/nvim/nvim-data/nvim/mason/packages/lua-language-server/libexec/meta/LuaJIT%20en-us%20utf8/debug.lua
[15:41:43.774][info] [#0:script/workspace/loading.lua:101]: Preload file at: file:///home/theoroom/.config/nvim/nvim-data/nvim/mason/packages/lua-language-server/libexec/meta/LuaJIT%20en-us%20utf8/bit.lua , size = 1.319 KB
[15:41:43.775][info] [#0:script/workspace/loading.lua:113]: ++++As library of:	file:///home/theoroom/.config/nvim/nvim-data/nvim/mason/packages/lua-language-server/libexec/meta/LuaJIT%20en-us%20utf8/bit.lua
[15:41:43.775][info] [#0:script/workspace/loading.lua:101]: Preload file at: file:///home/theoroom/.config/nvim/nvim-data/nvim/mason/packages/lua-language-server/libexec/meta/LuaJIT%20en-us%20utf8/math.lua , size = 7.949 KB
[15:41:43.778][info] [#0:script/workspace/loading.lua:113]: ++++As library of:	file:///home/theoroom/.config/nvim/nvim-data/nvim/mason/packages/lua-language-server/libexec/meta/LuaJIT%20en-us%20utf8/math.lua
[15:41:43.778][info] [#0:script/workspace/loading.lua:101]: Preload file at: file:///home/theoroom/.config/nvim/nvim-data/nvim/mason/packages/lua-language-server/libexec/meta/LuaJIT%20en-us%20utf8/basic.lua , size = 15.231 KB
[15:41:43.784][info] [#0:script/workspace/loading.lua:113]: ++++As library of:	file:///home/theoroom/.config/nvim/nvim-data/nvim/mason/packages/lua-language-server/libexec/meta/LuaJIT%20en-us%20utf8/basic.lua
[15:41:43.784][info] [#0:script/workspace/loading.lua:101]: Preload file at: file:///home/theoroom/.config/nvim/nvim-data/nvim/mason/packages/lua-language-server/libexec/meta/LuaJIT%20en-us%20utf8/jit/profile.lua , size = 0.348 KB
[15:41:43.784][info] [#0:script/workspace/loading.lua:113]: ++++As library of:	file:///home/theoroom/.config/nvim/nvim-data/nvim/mason/packages/lua-language-server/libexec/meta/LuaJIT%20en-us%20utf8/jit/profile.lua
[15:41:43.785][info] [#0:script/workspace/loading.lua:101]: Preload file at: file:///home/theoroom/.config/nvim/nvim-data/nvim/mason/packages/lua-language-server/libexec/meta/LuaJIT%20en-us%20utf8/os.lua , size = 5.600 KB
[15:41:43.786][info] [#0:script/workspace/loading.lua:113]: ++++As library of:	file:///home/theoroom/.config/nvim/nvim-data/nvim/mason/packages/lua-language-server/libexec/meta/LuaJIT%20en-us%20utf8/os.lua
[15:41:43.787][info] [#0:script/workspace/loading.lua:101]: Preload file at: file:///home/theoroom/.config/nvim/nvim-data/nvim/mason/packages/lua-language-server/libexec/meta/LuaJIT%20en-us%20utf8/ffi.lua , size = 2.529 KB
[15:41:43.788][info] [#0:script/workspace/loading.lua:113]: ++++As library of:	file:///home/theoroom/.config/nvim/nvim-data/nvim/mason/packages/lua-language-server/libexec/meta/LuaJIT%20en-us%20utf8/ffi.lua
[15:41:43.789][info] [#0:script/workspace/loading.lua:101]: Preload file at: file:///home/theoroom/.config/nvim/nvim-data/nvim/mason/packages/lua-language-server/libexec/meta/LuaJIT%20en-us%20utf8/string/buffer.lua , size = 18.123 KB
[15:41:43.792][info] [#0:script/workspace/loading.lua:113]: ++++As library of:	file:///home/theoroom/.config/nvim/nvim-data/nvim/mason/packages/lua-language-server/libexec/meta/LuaJIT%20en-us%20utf8/string/buffer.lua
[15:41:43.792][info] [#0:script/workspace/loading.lua:101]: Preload file at: file:///home/theoroom/.config/nvim/nvim-data/nvim/mason/packages/lua-language-server/libexec/meta/LuaJIT%20en-us%20utf8/coroutine.lua , size = 2.541 KB
[15:41:43.793][info] [#0:script/workspace/loading.lua:113]: ++++As library of:	file:///home/theoroom/.config/nvim/nvim-data/nvim/mason/packages/lua-language-server/libexec/meta/LuaJIT%20en-us%20utf8/coroutine.lua
[15:41:43.793][info] [#0:script/workspace/loading.lua:101]: Preload file at: file:///home/theoroom/.config/nvim/nvim-data/nvim/mason/packages/lua-language-server/libexec/meta/LuaJIT%20en-us%20utf8/package.lua , size = 2.699 KB
[15:41:43.794][info] [#0:script/workspace/loading.lua:113]: ++++As library of:	file:///home/theoroom/.config/nvim/nvim-data/nvim/mason/packages/lua-language-server/libexec/meta/LuaJIT%20en-us%20utf8/package.lua
[15:41:43.794][info] [#0:script/workspace/loading.lua:101]: Preload file at: file:///home/theoroom/.config/nvim/nvim-data/nvim/mason/packages/lua-language-server/libexec/meta/LuaJIT%20en-us%20utf8/io.lua , size = 6.364 KB
[15:41:43.798][info] [#0:script/workspace/loading.lua:113]: ++++As library of:	file:///home/theoroom/.config/nvim/nvim-data/nvim/mason/packages/lua-language-server/libexec/meta/LuaJIT%20en-us%20utf8/io.lua
[15:41:43.798][info] [#0:script/workspace/loading.lua:101]: Preload file at: file:///home/theoroom/.config/nvim/nvim-data/nvim/mason/packages/lua-language-server/libexec/meta/LuaJIT%20en-us%20utf8/builtin.lua , size = 0.302 KB
[15:41:43.799][info] [#0:script/workspace/loading.lua:113]: ++++As library of:	file:///home/theoroom/.config/nvim/nvim-data/nvim/mason/packages/lua-language-server/libexec/meta/LuaJIT%20en-us%20utf8/builtin.lua
[15:41:43.799][info] [#0:script/workspace/loading.lua:101]: Preload file at: file:///home/theoroom/.config/nvim/nvim-data/nvim/mason/packages/lua-language-server/libexec/meta/LuaJIT%20en-us%20utf8/table/new.lua , size = 0.642 KB
[15:41:43.799][info] [#0:script/workspace/loading.lua:113]: ++++As library of:	file:///home/theoroom/.config/nvim/nvim-data/nvim/mason/packages/lua-language-server/libexec/meta/LuaJIT%20en-us%20utf8/table/new.lua
[15:41:43.799][info] [#0:script/workspace/loading.lua:101]: Preload file at: file:///home/theoroom/.config/nvim/nvim-data/nvim/mason/packages/lua-language-server/libexec/meta/LuaJIT%20en-us%20utf8/table.lua , size = 4.235 KB
[15:41:43.801][info] [#0:script/workspace/loading.lua:113]: ++++As library of:	file:///home/theoroom/.config/nvim/nvim-data/nvim/mason/packages/lua-language-server/libexec/meta/LuaJIT%20en-us%20utf8/table.lua
[15:41:43.801][info] [#0:script/workspace/loading.lua:173]: Loaded files takes [0.037] sec: <fallback>
[15:41:43.801][info] [#0:script/workspace/loading.lua:182]: Compile files takes [0.000] sec: <fallback>
[15:41:43.801][info] [#0:script/workspace/loading.lua:183]: Loaded finish:	<fallback>
[15:41:43.801][info] [#0:script/workspace/workspace.lua:381]: Preload finish at:	<fallback>
[15:41:47.547][info] [#0:script/provider/provider.lua:169]: Server shutdown.
[15:41:47.550][warn] [#0:script/pub/report.lua:25]: Load proto error:	Disconnected!
